<?xml version="1.0" encoding="UTF-8"?>
<testsuites name="jest tests" tests="7" failures="0" errors="0" time="2.388">
  <testsuite name="Input" errors="0" failures="0" skipped="0" timestamp="2024-01-09T00:02:34" time="1.005" tests="4">
    <testcase classname="Input should render input with label and help text" name="Input should render input with label and help text" time="0.044">
    </testcase>
    <testcase classname="Input should change the value of the input" name="Input should change the value of the input" time="0.078">
    </testcase>
    <testcase classname="Input mantainLabel should hide label element when false" name="Input mantainLabel should hide label element when false" time="0.009">
    </testcase>
    <testcase classname="Input HelpText component should render HelpText component" name="Input HelpText component should render HelpText component" time="0.001">
    </testcase>
  </testsuite>
  <testsuite name="App" errors="0" failures="0" skipped="0" timestamp="2024-01-09T00:02:35" time="0.56" tests="1">
    <testcase classname="App should render App component without crashing" name="App should render App component without crashing" time="0.116">
    </testcase>
  </testsuite>
  <testsuite name="BandoButton" errors="0" failures="0" skipped="0" timestamp="2024-01-09T00:02:35" time="0.339" tests="1">
    <testcase classname="BandoButton should render button and trigger onClick action" name="BandoButton should render button and trigger onClick action" time="0.062">
    </testcase>
  </testsuite>
  <testsuite name="BoxContainer" errors="0" failures="0" skipped="0" timestamp="2024-01-09T00:02:36" time="0.25" tests="1">
    <testcase classname="BoxContainer should render BoxContainer " name="BoxContainer should render BoxContainer " time="0.011">
    </testcase>
  </testsuite>
</testsuites>